<?xml version="1.0" encoding="UTF-8"?>
<testsuite xmlns:xsi="http://www.w3.org/2001/XMLSchema-instance" xsi:noNamespaceSchemaLocation="https://maven.apache.org/surefire/maven-surefire-plugin/xsd/surefire-test-report-3.0.xsd" version="3.0" name="at.tuwien.swtesting.RingBufferModelTest" time="0.234" tests="1" errors="0" skipped="0" failures="0">
  <properties>
[...]
</properties>
  <testcase name="testModelOnly" classname="at.tuwien.swtesting.RingBufferModelTest" time="0.187">
    <system-out><![CDATA[done (EMPTY, peek, EMPTY)
done (EMPTY, peek, EMPTY)
done (EMPTY, peek, EMPTY)
done (EMPTY, peek, EMPTY)
done (EMPTY, peek, EMPTY)
done (EMPTY, peek, EMPTY)
done (EMPTY, peek, EMPTY)
done (EMPTY, peek, EMPTY)
done (EMPTY, peek, EMPTY)
done (EMPTY, peek, EMPTY)
state coverage: 1/1
transition coverage: 1/1
]]></system-out>
  </testcase>
</testsuite>